c:\users\david\documents\game_physics\plugins\unity_c++_integration\unity_c++_integration\x64\debug\unity_c++_integration.pch
c:\users\david\documents\game_physics\plugins\unity_c++_integration\unity_c++_integration\x64\debug\vc141.pdb
c:\users\david\documents\game_physics\plugins\unity_c++_integration\unity_c++_integration\x64\debug\vc141.idb
c:\users\david\documents\game_physics\plugins\unity_c++_integration\unity_c++_integration\x64\debug\stdafx.obj
c:\users\david\documents\game_physics\plugins\unity_c++_integration\unity_c++_integration\x64\debug\unity_c++_integration.obj
c:\users\david\documents\game_physics\plugins\unity_c++_integration\unity_c++_integration\x64\debug\myplugin.obj
c:\users\david\documents\game_physics\plugins\unity_c++_integration\unity_c++_integration\x64\debug\foo.obj
c:\users\david\documents\game_physics\plugins\unity_c++_integration\unity_c++_integration\x64\debug\dllmain.obj
c:\users\david\documents\game_physics\plugins\unity_c++_integration\x64\debug\unity_c++_integration.ilk
c:\users\david\documents\game_physics\plugins\unity_c++_integration\x64\debug\unity_c++_integration.dll
c:\users\david\documents\game_physics\plugins\unity_c++_integration\x64\debug\unity_c++_integration.pdb
c:\users\david\documents\game_physics\plugins\unity_c++_integration\x64\debug\unity_c++_integration.lib
c:\users\david\documents\game_physics\plugins\unity_c++_integration\x64\debug\unity_c++_integration.exp
c:\users\david\documents\game_physics\plugins\unity_c++_integration\unity_c++_integration\x64\debug\unity_c+.654994b9.tlog\cl.command.1.tlog
c:\users\david\documents\game_physics\plugins\unity_c++_integration\unity_c++_integration\x64\debug\unity_c+.654994b9.tlog\cl.read.1.tlog
c:\users\david\documents\game_physics\plugins\unity_c++_integration\unity_c++_integration\x64\debug\unity_c+.654994b9.tlog\cl.write.1.tlog
c:\users\david\documents\game_physics\plugins\unity_c++_integration\unity_c++_integration\x64\debug\unity_c+.654994b9.tlog\link.command.1.tlog
c:\users\david\documents\game_physics\plugins\unity_c++_integration\unity_c++_integration\x64\debug\unity_c+.654994b9.tlog\link.delete.1.tlog
c:\users\david\documents\game_physics\plugins\unity_c++_integration\unity_c++_integration\x64\debug\unity_c+.654994b9.tlog\link.read.1.tlog
c:\users\david\documents\game_physics\plugins\unity_c++_integration\unity_c++_integration\x64\debug\unity_c+.654994b9.tlog\link.write.1.tlog
c:\users\david\documents\game_physics\plugins\unity_c++_integration\unity_c++_integration\x64\debug\unity_c+.654994b9.tlog\unity_c++_integration.write.1u.tlog
